0 info it worked if it ends with ok
1 verbose cli [ 'C:\\WorkPlace\\SDK\\nodejs\\node.exe',
1 verbose cli   'C:\\WorkPlace\\SDK\\nodejs\\node_modules\\npm\\bin\\npm-cli.js',
1 verbose cli   'run-script',
1 verbose cli   'start' ]
2 info using npm@3.8.9
3 info using node@v6.2.0
4 verbose run-script [ 'prestart', 'start', 'poststart' ]
5 info lifecycle alsotang_lessons@0.0.0~prestart: alsotang_lessons@0.0.0
6 silly lifecycle alsotang_lessons@0.0.0~prestart: no script for prestart, continuing
7 info lifecycle alsotang_lessons@0.0.0~start: alsotang_lessons@0.0.0
8 verbose lifecycle alsotang_lessons@0.0.0~start: unsafe-perm in lifecycle true
9 verbose lifecycle alsotang_lessons@0.0.0~start: PATH: C:\WorkPlace\SDK\nodejs\node_modules\npm\bin\node-gyp-bin;C:\WorkPlace\Program\MyCode\Web\Js\Node.js\alsotang_lessons\node_modules\.bin;C:\WorkPlace\SDK\nodejs;C:\ProgramData\Oracle\Java\javapath;C:\WINDOWS\system32;C:\WINDOWS;C:\WINDOWS\System32\Wbem;C:\WINDOWS\System32\WindowsPowerShell\v1.0\;C:\Program Files\Microsoft SQL Server\130\Tools\Binn\;C:\Program Files (x86)\Windows Kits\10\Windows Performance Toolkit\;C:\WorkPlace\SourceControl\TortoiseSVN\bin;C:\Program Files\Microsoft SQL Server\120\DTS\Binn\;C:\Program Files\Microsoft SQL Server\Client SDK\ODBC\110\Tools\Binn\;C:\Program Files (x86)\Microsoft SQL Server\120\Tools\Binn\;C:\Program Files\Microsoft SQL Server\120\Tools\Binn\;C:\Program Files (x86)\Microsoft SQL Server\120\Tools\Binn\ManagementStudio\;C:\Program Files (x86)\Microsoft SQL Server\120\DTS\Binn\;C:\Program Files (x86)\MySQL\MySQL Fabric 1.5 & MySQL Utilities 1.5\;C:\Program Files (x86)\MySQL\MySQL Fabric 1.5 & MySQL Utilities 1.5\Doctrine extensions for PHP\;C:\Program Files\Microsoft SQL Server\110\Tools\Binn\;C:\Program Files (x86)\Microsoft SDKs\TypeScript\1.0\;C:\Program Files (x86)\GtkSharp\2.12\bin;C:\WorkPlace\SDK\TDM-GCC-64\bin;C:\WorkPlace\SDK\nodejs\;C:\WorkPlace\SourceControl\Git\cmd;C:\Program Files\dotnet\;C:\WorkPlace\SourceControl\TortoiseGit\bin;C:\Program Files\Microsoft\Web Platform Installer\;C:\WorkPlace\SDK\Go\bin;C:\Users\xjsaber\AppData\Local\Microsoft\WindowsApps;;C:\Program Files (x86)\Microsoft VS Code\bin
10 verbose lifecycle alsotang_lessons@0.0.0~start: CWD: C:\WorkPlace\Program\MyCode\Web\Js\Node.js\alsotang_lessons
11 silly lifecycle alsotang_lessons@0.0.0~start: Args: [ '/d /s /c', './node lession1/app.js' ]
12 silly lifecycle alsotang_lessons@0.0.0~start: Returned: code: 1  signal: null
13 info lifecycle alsotang_lessons@0.0.0~start: Failed to exec start script
14 verbose stack Error: alsotang_lessons@0.0.0 start: `./node lession1/app.js`
14 verbose stack Exit status 1
14 verbose stack     at EventEmitter.<anonymous> (C:\WorkPlace\SDK\nodejs\node_modules\npm\lib\utils\lifecycle.js:245:16)
14 verbose stack     at emitTwo (events.js:106:13)
14 verbose stack     at EventEmitter.emit (events.js:191:7)
14 verbose stack     at ChildProcess.<anonymous> (C:\WorkPlace\SDK\nodejs\node_modules\npm\lib\utils\spawn.js:24:14)
14 verbose stack     at emitTwo (events.js:106:13)
14 verbose stack     at ChildProcess.emit (events.js:191:7)
14 verbose stack     at maybeClose (internal/child_process.js:850:16)
14 verbose stack     at Process.ChildProcess._handle.onexit (internal/child_process.js:215:5)
15 verbose pkgid alsotang_lessons@0.0.0
16 verbose cwd C:\WorkPlace\Program\MyCode\Web\Js\Node.js\alsotang_lessons
17 error Windows_NT 10.0.14393
18 error argv "C:\\WorkPlace\\SDK\\nodejs\\node.exe" "C:\\WorkPlace\\SDK\\nodejs\\node_modules\\npm\\bin\\npm-cli.js" "run-script" "start"
19 error node v6.2.0
20 error npm  v3.8.9
21 error code ELIFECYCLE
22 error alsotang_lessons@0.0.0 start: `./node lession1/app.js`
22 error Exit status 1
23 error Failed at the alsotang_lessons@0.0.0 start script './node lession1/app.js'.
23 error Make sure you have the latest version of node.js and npm installed.
23 error If you do, this is most likely a problem with the alsotang_lessons package,
23 error not with npm itself.
23 error Tell the author that this fails on your system:
23 error     ./node lession1/app.js
23 error You can get information on how to open an issue for this project with:
23 error     npm bugs alsotang_lessons
23 error Or if that isn't available, you can get their info via:
23 error     npm owner ls alsotang_lessons
23 error There is likely additional logging output above.
24 verbose exit [ 1, true ]
