0 info it worked if it ends with ok
1 verbose cli [ 'E:\\WorkSpace\\SDK\\nodejs\\node.exe',
1 verbose cli   'E:\\WorkSpace\\SDK\\nodejs\\node_modules\\npm\\bin\\npm-cli.js',
1 verbose cli   'run-script',
1 verbose cli   'start' ]
2 info using npm@3.10.3
3 info using node@v6.3.1
4 verbose run-script [ 'prestart', 'start', 'poststart' ]
5 info lifecycle logger@0.0.0~prestart: logger@0.0.0
6 silly lifecycle logger@0.0.0~prestart: no script for prestart, continuing
7 info lifecycle logger@0.0.0~start: logger@0.0.0
8 verbose lifecycle logger@0.0.0~start: unsafe-perm in lifecycle true
9 verbose lifecycle logger@0.0.0~start: PATH: E:\WorkSpace\SDK\nodejs\node_modules\npm\bin\node-gyp-bin;E:\WorkSpace\myCode\Web\Js\Node.js\series-nodejs\nodejs-connect\logger\node_modules\.bin;E:\WorkSpace\SDK\nodejs;C:\ProgramData\Oracle\Java\javapath;E:\Program Files (x86)\EasyPHP-DevServer-14.1VC11\binaries\php\php_runningversion;E:\Program Files (x86)\Embarcadero\RAD Studio\12.0\bin;C:\Users\Public\Documents\RAD Studio\12.0\Bpl;E:\Program Files (x86)\Embarcadero\RAD Studio\12.0\bin64;C:\Users\Public\Documents\RAD Studio\12.0\Bpl\Win64;C:\WINDOWS\system32;C:\WINDOWS;C:\WINDOWS\System32\Wbem;C:\WINDOWS\System32\WindowsPowerShell\v1.0\;E:\Program Files\Microsoft SQL Server\110\Tools\Binn\;C:\Program Files\Java\jdk1.7.0\bin;C:\Program Files\Java\jdk1.7.0\jre\bin;C:\Program Files (x86)\GtkSharp\2.12\bin;C:\Program Files\android-sdk\sdk\tools;E:\Program Files\Microsoft SQL Server\120\Tools\Binn\;C:\Users\Xjsaber\.dnx\bin;C:\Program Files\Microsoft DNX\Dnvm\;C:\Program Files (x86)\NVIDIA Corporation\PhysX\Common;C:\WINDOWS\system32\config\systemprofile\.dnx\bin;E:\Program Files\Microsoft SQL Server\120\DTS\Binn\;E:\Program Files\Microsoft SQL Server\Client SDK\ODBC\110\Tools\Binn\;E:\Program Files (x86)\Microsoft SQL Server\120\Tools\Binn\;E:\Program Files (x86)\Microsoft SQL Server\120\Tools\Binn\ManagementStudio\;E:\Program Files (x86)\Microsoft SQL Server\120\DTS\Binn\;C:\WINDOWS\system32;C:\WINDOWS;C:\WINDOWS\System32\Wbem;C:\WINDOWS\System32\WindowsPowerShell\v1.0\;E:\Program Files\TortoiseSVN\bin;e:\Program Files\Microsoft SQL Server\130\Tools\Binn\;C:\Program Files (x86)\Windows Kits\10\Windows Performance Toolkit\;C:\Program Files\Microsoft\Web Platform Installer\;E:\WorkSpace\SDK\C\TDM-GCC-64\bin;C:\Program Files\dotnet\;E:\Program Files\TortoiseGit\bin;C:\Program Files (x86)\MySQL\MySQL Fabric 1.5 & MySQL Utilities 1.5\;C:\Program Files (x86)\MySQL\MySQL Fabric 1.5 & MySQL Utilities 1.5\Doctrine extensions for PHP\;E:\WorkSpace\SDK\nodejs\;C:\Users\Xjsaber\.dnx\bin;E:\FPC\2.4.0\bin\i386-Win32;C:\Python27;C:\Users\??\AppData\Local\Code\bin;C:\Users\捷\AppData\Local\Code\bin;C:\Users\捷\AppData\Roaming\npm;E:\Program Files (x86)\Microsoft VS Code\bin;C:\Users\Xjsaber\AppData\Local\Microsoft\WindowsApps;C:\Users\Xjsaber\AppData\Roaming\npm
10 verbose lifecycle logger@0.0.0~start: CWD: E:\WorkSpace\myCode\Web\Js\Node.js\series-nodejs\nodejs-connect\logger
11 silly lifecycle logger@0.0.0~start: Args: [ '/d /s /c', '.logger.js' ]
12 silly lifecycle logger@0.0.0~start: Returned: code: 1  signal: null
13 info lifecycle logger@0.0.0~start: Failed to exec start script
14 verbose stack Error: logger@0.0.0 start: `.logger.js`
14 verbose stack Exit status 1
14 verbose stack     at EventEmitter.<anonymous> (E:\WorkSpace\SDK\nodejs\node_modules\npm\lib\utils\lifecycle.js:242:16)
14 verbose stack     at emitTwo (events.js:106:13)
14 verbose stack     at EventEmitter.emit (events.js:191:7)
14 verbose stack     at ChildProcess.<anonymous> (E:\WorkSpace\SDK\nodejs\node_modules\npm\lib\utils\spawn.js:40:14)
14 verbose stack     at emitTwo (events.js:106:13)
14 verbose stack     at ChildProcess.emit (events.js:191:7)
14 verbose stack     at maybeClose (internal/child_process.js:852:16)
14 verbose stack     at Process.ChildProcess._handle.onexit (internal/child_process.js:215:5)
15 verbose pkgid logger@0.0.0
16 verbose cwd E:\WorkSpace\myCode\Web\Js\Node.js\series-nodejs\nodejs-connect\logger
17 error Windows_NT 10.0.14393
18 error argv "E:\\WorkSpace\\SDK\\nodejs\\node.exe" "E:\\WorkSpace\\SDK\\nodejs\\node_modules\\npm\\bin\\npm-cli.js" "run-script" "start"
19 error node v6.3.1
20 error npm  v3.10.3
21 error code ELIFECYCLE
22 error logger@0.0.0 start: `.logger.js`
22 error Exit status 1
23 error Failed at the logger@0.0.0 start script '.logger.js'.
23 error Make sure you have the latest version of node.js and npm installed.
23 error If you do, this is most likely a problem with the logger package,
23 error not with npm itself.
23 error Tell the author that this fails on your system:
23 error     .logger.js
23 error You can get information on how to open an issue for this project with:
23 error     npm bugs logger
23 error Or if that isn't available, you can get their info via:
23 error     npm owner ls logger
23 error There is likely additional logging output above.
24 verbose exit [ 1, true ]
